<?xml version="1.0" encoding="UTF-8"?>
<!-- Generated by org.testng.reporters.JUnitReportReporter -->
<testsuite hostname="Krishna" failures="0" tests="1" name="com.hrms.testscripts.TC001" time="3.877" errors="0" timestamp="2022-12-17T15:51:51 IST" skipped="0">
  <testcase classname="com.hrms.testscripts.TC001" name="tc001" time="3.877"/>
  <system-out>
    <![CDATA[Open Application
Title not matched
OrangeHRM - New Level of HR Management
Login completed
Title not matched
OrangeHRM
Logout Application
Close Application]]>
  </system-out>
</testsuite> <!-- com.hrms.testscripts.TC001 -->
